<?xml version="1.0" encoding="UTF-8"?>
<!-- Generated by org.testng.reporters.JUnitReportReporter -->
<testsuite hostname="DESKTOP-PR8CQ1D" failures="0" tests="1" name="Test1pkg.Day1" time="0.010" errors="0" timestamp="2024-04-21T09:03:57 IST" skipped="0">
  <testcase classname="Test1pkg.Day1" name="Loans" time="0.010"/>
  <system-out/>
</testsuite> <!-- Test1pkg.Day1 -->
