<?xml version="1.0" encoding="UTF-8"?>
<!-- Generated by org.testng.reporters.JUnitReportReporter -->
<testsuite hostname="DESKTOP-PR8CQ1D" failures="0" tests="2" name="Test1pkg.Day2" time="0.013" errors="0" timestamp="2024-04-20T16:57:39 IST" skipped="0">
  <testcase classname="Test1pkg.Day2" name="Demo1" time="0.010"/>
  <system-out/>
  <testcase classname="Test1pkg.Day2" name="Demo2" time="0.003"/>
  <system-out/>
</testsuite> <!-- Test1pkg.Day2 -->
