<?xml version="1.0" encoding="UTF-8"?>
<!-- Generated by org.testng.reporters.JUnitReportReporter -->
<testsuite hostname="DESKTOP-PR8CQ1D" failures="0" tests="1" name="Test1pkg.Day3" time="0.001" errors="0" timestamp="2024-04-20T11:17:28 IST" skipped="0">
  <testcase classname="Test1pkg.Day3" name="Demo3" time="0.001"/>
  <system-out/>
</testsuite> <!-- Test1pkg.Day3 -->
